<?xml version="1.0" encoding="UTF-8"?>
<!-- Generated by org.testng.reporters.JUnitReportReporter -->
<testsuite skipped="0" hostname="Dhruba" name="com.PracticeFeb2020.Demo4" tests="1" failures="0" timestamp="2020-02-06T19:52:50 EST" time="0.001" errors="0">
  <testcase name="test1" time="0.001" classname="com.PracticeFeb2020.Demo4"/>
</testsuite> <!-- com.PracticeFeb2020.Demo4 -->
