<?xml version="1.0" encoding="UTF-8"?>
<!-- Generated by org.testng.reporters.JUnitReportReporter -->
<testsuite skipped="0" hostname="Dhruba" name="com.PracticeFeb2020.Demo5" tests="5" failures="0" timestamp="2020-02-06T19:56:32 EST" time="0.014" errors="0">
  <testcase name="test6" time="0.002" classname="com.PracticeFeb2020.Demo5"/>
  <testcase name="test8" time="0.002" classname="com.PracticeFeb2020.Demo5"/>
  <testcase name="test9" time="0.002" classname="com.PracticeFeb2020.Demo5"/>
  <testcase name="test5" time="0.002" classname="com.PracticeFeb2020.Demo5"/>
  <testcase name="test7" time="0.006" classname="com.PracticeFeb2020.Demo5"/>
</testsuite> <!-- com.PracticeFeb2020.Demo5 -->
