<?xml version="1.0" encoding="UTF-8"?>
<!-- Generated by org.testng.reporters.JUnitReportReporter -->
<testsuite skipped="0" hostname="Dhruba" name="com.PracticeFeb2020.LoginTest" tests="2" failures="0" timestamp="2020-02-06T23:40:40 EST" time="23.930" errors="0">
  <testcase name="freeCrmTitleTest" time="10.280" classname="com.PracticeFeb2020.LoginTest"/>
  <testcase name="freeCRMLogoTest" time="13.650" classname="com.PracticeFeb2020.LoginTest"/>
</testsuite> <!-- com.PracticeFeb2020.LoginTest -->
