<?xml version="1.0" encoding="UTF-8"?>
<!-- Generated by org.testng.reporters.JUnitReportReporter -->
<testsuite skipped="0" hostname="Dhruba" name="com.PracticeFeb2020.Demo2" tests="1" failures="0" timestamp="2020-02-06T15:01:01 EST" time="0.014" errors="0">
  <testcase name="test2" time="0.014" classname="com.PracticeFeb2020.Demo2"/>
</testsuite> <!-- com.PracticeFeb2020.Demo2 -->
