<?xml version="1.0" encoding="UTF-8"?>
<!-- Generated by org.testng.reporters.JUnitReportReporter -->
<testsuite skipped="0" hostname="Dhruba" name="com.PracticeFeb2020.Demo3" tests="1" failures="0" timestamp="2020-02-06T19:56:32 EST" time="0.018" errors="0">
  <testcase name="test3" time="0.018" classname="com.PracticeFeb2020.Demo3"/>
</testsuite> <!-- com.PracticeFeb2020.Demo3 -->
