<?xml version="1.0" encoding="UTF-8"?>
<!-- Generated by org.testng.reporters.JUnitReportReporter -->
<testsuite skipped="0" hostname="Dhruba" name="com.PracticeFeb2020.Demo1" tests="1" failures="0" timestamp="2020-02-06T23:19:48 EST" time="0.004" errors="0">
  <testcase name="test1" time="0.004" classname="com.PracticeFeb2020.Demo1"/>
</testsuite> <!-- com.PracticeFeb2020.Demo1 -->
