<?xml version="1.0" encoding="UTF-8"?>
<!-- Generated by org.testng.reporters.JUnitReportReporter -->
<testsuite skipped="0" hostname="Dhruba" name="com.PracticeFeb2020.Demo6" tests="5" failures="0" timestamp="2020-02-06T23:19:48 EST" time="0.011" errors="0">
  <testcase name="test11" time="0.003" classname="com.PracticeFeb2020.Demo6"/>
  <testcase name="test10" time="0.002" classname="com.PracticeFeb2020.Demo6"/>
  <testcase name="test12" time="0.001" classname="com.PracticeFeb2020.Demo6"/>
  <testcase name="test13" time="0.003" classname="com.PracticeFeb2020.Demo6"/>
  <testcase name="test14" time="0.002" classname="com.PracticeFeb2020.Demo6"/>
</testsuite> <!-- com.PracticeFeb2020.Demo6 -->
